c:\users\jashliao\desktop\giyhub\jashliao-implements-fanfuhan-opencv-with-vc\project_code\vc_fanfuhan_opencv\vc_fanfuhan_opencv050\x64\release\vc_fanfuhan_opencv050.pch
c:\users\jashliao\desktop\giyhub\jashliao-implements-fanfuhan-opencv-with-vc\project_code\vc_fanfuhan_opencv\vc_fanfuhan_opencv050\x64\release\vc140.pdb
c:\users\jashliao\desktop\giyhub\jashliao-implements-fanfuhan-opencv-with-vc\project_code\vc_fanfuhan_opencv\vc_fanfuhan_opencv050\x64\release\stdafx.obj
c:\users\jashliao\desktop\giyhub\jashliao-implements-fanfuhan-opencv-with-vc\project_code\vc_fanfuhan_opencv\vc_fanfuhan_opencv050\x64\release\vc_fanfuhan_opencv050.obj
c:\users\jashliao\desktop\giyhub\jashliao-implements-fanfuhan-opencv-with-vc\project_code\vc_fanfuhan_opencv\x64\release\vc_fanfuhan_opencv050.exe
c:\users\jashliao\desktop\giyhub\jashliao-implements-fanfuhan-opencv-with-vc\project_code\vc_fanfuhan_opencv\x64\release\vc_fanfuhan_opencv050.ipdb
c:\users\jashliao\desktop\giyhub\jashliao-implements-fanfuhan-opencv-with-vc\project_code\vc_fanfuhan_opencv\x64\release\vc_fanfuhan_opencv050.iobj
c:\users\jashliao\desktop\giyhub\jashliao-implements-fanfuhan-opencv-with-vc\project_code\vc_fanfuhan_opencv\x64\release\vc_fanfuhan_opencv050.pdb
c:\users\user\desktop\jashliao-implements-fanfuhan-opencv-with-vc\project_code\vc_fanfuhan_opencv\vc_fanfuhan_opencv050\x64\release\stdafx.obj
c:\users\user\desktop\jashliao-implements-fanfuhan-opencv-with-vc\project_code\vc_fanfuhan_opencv\vc_fanfuhan_opencv050\x64\release\vc_fanfuhan_opencv050.obj
c:\users\user\desktop\jashliao-implements-fanfuhan-opencv-with-vc\project_code\vc_fanfuhan_opencv\vc_fanfuhan_opencv050\x64\release\vc_fanfuhan_opencv050.pch
c:\users\user\desktop\jashliao-implements-fanfuhan-opencv-with-vc\project_code\vc_fanfuhan_opencv\vc_fanfuhan_opencv050\x64\release\vc140.pdb
c:\users\user\desktop\jashliao-implements-fanfuhan-opencv-with-vc\project_code\vc_fanfuhan_opencv\x64\release\vc_fanfuhan_opencv050.pdb
c:\users\user\desktop\jashliao-implements-fanfuhan-opencv-with-vc\project_code\vc_fanfuhan_opencv\x64\release\vc_fanfuhan_opencv050.exe
c:\users\user\desktop\jashliao-implements-fanfuhan-opencv-with-vc\project_code\vc_fanfuhan_opencv\vc_fanfuhan_opencv050\x64\release\vc_fanfu.94f4ddc8.tlog\cl.command.1.tlog
c:\users\user\desktop\jashliao-implements-fanfuhan-opencv-with-vc\project_code\vc_fanfuhan_opencv\vc_fanfuhan_opencv050\x64\release\vc_fanfu.94f4ddc8.tlog\cl.read.1.tlog
c:\users\user\desktop\jashliao-implements-fanfuhan-opencv-with-vc\project_code\vc_fanfuhan_opencv\vc_fanfuhan_opencv050\x64\release\vc_fanfu.94f4ddc8.tlog\cl.write.1.tlog
c:\users\user\desktop\jashliao-implements-fanfuhan-opencv-with-vc\project_code\vc_fanfuhan_opencv\vc_fanfuhan_opencv050\x64\release\vc_fanfu.94f4ddc8.tlog\link.command.1.tlog
c:\users\user\desktop\jashliao-implements-fanfuhan-opencv-with-vc\project_code\vc_fanfuhan_opencv\vc_fanfuhan_opencv050\x64\release\vc_fanfu.94f4ddc8.tlog\link.read.1.tlog
c:\users\user\desktop\jashliao-implements-fanfuhan-opencv-with-vc\project_code\vc_fanfuhan_opencv\vc_fanfuhan_opencv050\x64\release\vc_fanfu.94f4ddc8.tlog\link.write.1.tlog
