  VC_FANFUHAN_OPENCV084.cpp
VC_FANFUHAN_OPENCV084.cpp(89): warning C4244: '正在初始化': 將 'double' 轉換為 'int'，由於類型不同，可能導致資料遺失
VC_FANFUHAN_OPENCV084.cpp(90): warning C4244: '正在初始化': 將 'double' 轉換為 'int'，由於類型不同，可能導致資料遺失
VC_FANFUHAN_OPENCV084.cpp(91): warning C4244: '正在初始化': 將 'double' 轉換為 'int'，由於類型不同，可能導致資料遺失
VC_FANFUHAN_OPENCV084.cpp(92): warning C4244: '正在初始化': 將 'double' 轉換為 'int'，由於類型不同，可能導致資料遺失
VC_FANFUHAN_OPENCV084.cpp(133): warning C4267: '正在初始化': 將 'size_t' 轉換為 'int'，資料可能遺失
VC_FANFUHAN_OPENCV084.cpp(132): warning C4101: 'i': 未參考的區域變數
VC_FANFUHAN_OPENCV084.cpp(237): warning C4267: '正在初始化': 將 'size_t' 轉換為 'int'，資料可能遺失
VC_FANFUHAN_OPENCV084.cpp(268): warning C4267: '正在初始化': 將 'size_t' 轉換為 'int'，資料可能遺失
VC_FANFUHAN_OPENCV084.cpp(444): warning C4244: '正在初始化': 將 'double' 轉換為 'int'，由於類型不同，可能導致資料遺失
VC_FANFUHAN_OPENCV084.cpp(445): warning C4244: '正在初始化': 將 'double' 轉換為 'int'，由於類型不同，可能導致資料遺失
VC_FANFUHAN_OPENCV084.cpp(517): warning C4267: '正在初始化': 將 'size_t' 轉換為 'int'，資料可能遺失
VC_FANFUHAN_OPENCV084.cpp(539): warning C4267: '正在初始化': 將 'size_t' 轉換為 'int'，資料可能遺失
  正在產生程式碼
  9 of 451 functions ( 2.0%) were compiled, the rest were copied from previous compilation.
    0 functions were new in current compilation
    10 functions had inline decision re-evaluated but remain unchanged
  已完成程式碼產生
  VC_FANFUHAN_OPENCV084.vcxproj -> C:\Users\jashliao\Desktop\GIYHUB\jashliao-implements-FANFUHAN-OPENCV-with-VC\project_code\VC_FANFUHAN_OPENCV\x64\Release\VC_FANFUHAN_OPENCV084.exe
  VC_FANFUHAN_OPENCV084.vcxproj -> C:\Users\jashliao\Desktop\GIYHUB\jashliao-implements-FANFUHAN-OPENCV-with-VC\project_code\VC_FANFUHAN_OPENCV\x64\Release\VC_FANFUHAN_OPENCV084.pdb (Full PDB)
