  VC_FANFUHAN_OPENCV085.cpp
VC_FANFUHAN_OPENCV085.cpp(94): warning C4244: '正在初始化': 將 'double' 轉換為 'int'，由於類型不同，可能導致資料遺失
VC_FANFUHAN_OPENCV085.cpp(95): warning C4244: '正在初始化': 將 'double' 轉換為 'int'，由於類型不同，可能導致資料遺失
VC_FANFUHAN_OPENCV085.cpp(96): warning C4244: '正在初始化': 將 'double' 轉換為 'int'，由於類型不同，可能導致資料遺失
VC_FANFUHAN_OPENCV085.cpp(97): warning C4244: '正在初始化': 將 'double' 轉換為 'int'，由於類型不同，可能導致資料遺失
VC_FANFUHAN_OPENCV085.cpp(141): warning C4267: '正在初始化': 將 'size_t' 轉換為 'int'，資料可能遺失
VC_FANFUHAN_OPENCV085.cpp(140): warning C4101: 'i': 未參考的區域變數
VC_FANFUHAN_OPENCV085.cpp(268): warning C4267: '正在初始化': 將 'size_t' 轉換為 'int'，資料可能遺失
VC_FANFUHAN_OPENCV085.cpp(299): warning C4267: '正在初始化': 將 'size_t' 轉換為 'int'，資料可能遺失
VC_FANFUHAN_OPENCV085.cpp(475): warning C4244: '正在初始化': 將 'double' 轉換為 'int'，由於類型不同，可能導致資料遺失
VC_FANFUHAN_OPENCV085.cpp(476): warning C4244: '正在初始化': 將 'double' 轉換為 'int'，由於類型不同，可能導致資料遺失
VC_FANFUHAN_OPENCV085.cpp(548): warning C4267: '正在初始化': 將 'size_t' 轉換為 'int'，資料可能遺失
VC_FANFUHAN_OPENCV085.cpp(570): warning C4267: '正在初始化': 將 'size_t' 轉換為 'int'，資料可能遺失
  正在產生程式碼
  13 of 563 functions ( 2.3%) were compiled, the rest were copied from previous compilation.
    0 functions were new in current compilation
    2 functions had inline decision re-evaluated but remain unchanged
  已完成程式碼產生
  VC_FANFUHAN_OPENCV085.vcxproj -> C:\Users\user\Desktop\GITHUB\jashliao-implements-FANFUHAN-OPENCV-with-VC\project_code\VC_FANFUHAN_OPENCV\x64\Release\VC_FANFUHAN_OPENCV085.exe
  VC_FANFUHAN_OPENCV085.vcxproj -> C:\Users\user\Desktop\GITHUB\jashliao-implements-FANFUHAN-OPENCV-with-VC\project_code\VC_FANFUHAN_OPENCV\x64\Release\VC_FANFUHAN_OPENCV085.pdb (Full PDB)
