  VC_FANFUHAN_OPENCV121.cpp
VC_FANFUHAN_OPENCV121.cpp(113): warning C4305: '引數': 從 'double' 轉換為 'float'，是由較大的類型轉換為較小的類型，可能導致資料遺失
VC_FANFUHAN_OPENCV121.cpp(152): warning C4244: '正在初始化': 將 'double' 轉換為 'int'，由於類型不同，可能導致資料遺失
VC_FANFUHAN_OPENCV121.cpp(158): warning C4244: '=': 將 'double' 轉換為 'int'，由於類型不同，可能導致資料遺失
VC_FANFUHAN_OPENCV121.cpp(159): warning C4244: '=': 將 'double' 轉換為 'int'，由於類型不同，可能導致資料遺失
VC_FANFUHAN_OPENCV121.cpp(160): warning C4244: '=': 將 'double' 轉換為 'int'，由於類型不同，可能導致資料遺失
VC_FANFUHAN_OPENCV121.cpp(180): warning C4244: '引數': 將 'double' 轉換為 'uchar'，由於類型不同，可能導致資料遺失
VC_FANFUHAN_OPENCV121.cpp(197): warning C4267: '正在初始化': 將 'size_t' 轉換為 'int'，資料可能遺失
VC_FANFUHAN_OPENCV121.cpp(228): warning C4267: '正在初始化': 將 'size_t' 轉換為 'int'，資料可能遺失
VC_FANFUHAN_OPENCV121.cpp(404): warning C4244: '正在初始化': 將 'double' 轉換為 'int'，由於類型不同，可能導致資料遺失
VC_FANFUHAN_OPENCV121.cpp(405): warning C4244: '正在初始化': 將 'double' 轉換為 'int'，由於類型不同，可能導致資料遺失
VC_FANFUHAN_OPENCV121.cpp(477): warning C4267: '正在初始化': 將 'size_t' 轉換為 'int'，資料可能遺失
VC_FANFUHAN_OPENCV121.cpp(499): warning C4267: '正在初始化': 將 'size_t' 轉換為 'int'，資料可能遺失
  正在產生程式碼
  17 of 329 functions ( 5.2%) were compiled, the rest were copied from previous compilation.
    2 functions were new in current compilation
    3 functions had inline decision re-evaluated but remain unchanged
  已完成程式碼產生
  VC_FANFUHAN_OPENCV121.vcxproj -> C:\Users\jashliao\Desktop\GIYHUB\jashliao-implements-FANFUHAN-OPENCV-with-VC\project_code\VC_FANFUHAN_OPENCV\x64\Release\VC_FANFUHAN_OPENCV121.exe
  VC_FANFUHAN_OPENCV121.vcxproj -> C:\Users\jashliao\Desktop\GIYHUB\jashliao-implements-FANFUHAN-OPENCV-with-VC\project_code\VC_FANFUHAN_OPENCV\x64\Release\VC_FANFUHAN_OPENCV121.pdb (Full PDB)
